  common.cpp
C:\Code\GitHub\LCA51to100\common\common.cpp(56,21): warning C4307: '-': signed integral constant overflow
C:\Code\GitHub\LCA51to100\common\common.cpp(1597,28): warning C4805: '==': unsafe mix of type 'bool' and type 'int' in operation
C:\Code\GitHub\LCA51to100\common\common.cpp(1904,45): warning C4307: '-': signed integral constant overflow
C:\Code\GitHub\LCA51to100\common\common.cpp(1916,45): warning C4307: '-': signed integral constant overflow
C:\Code\GitHub\LCA51to100\common\common.cpp(2625,42): warning C4267: 'initializing': conversion from 'size_t' to 'int', possible loss of data
C:\Code\GitHub\LCA51to100\common\common.cpp(2657,46): warning C4307: '-': signed integral constant overflow
C:\Code\GitHub\LCA51to100\common\common.cpp(2679,42): warning C4267: 'initializing': conversion from 'size_t' to 'int', possible loss of data
C:\Code\GitHub\LCA51to100\common\common.cpp(2764,45): warning C4307: '-': signed integral constant overflow
C:\Code\GitHub\LCA51to100\common\common.cpp(2776,45): warning C4307: '-': signed integral constant overflow
  main.cpp
  revisit.cpp
C:\Code\GitHub\LCA51to100\054_Spiral_Matrix\revisit.cpp(5,29): warning C4267: 'initializing': conversion from 'size_t' to 'int', possible loss of data
C:\Code\GitHub\LCA51to100\054_Spiral_Matrix\revisit.cpp(6,32): warning C4267: 'initializing': conversion from 'size_t' to 'int', possible loss of data
  solution.cpp
C:\Code\GitHub\LCA51to100\054_Spiral_Matrix\solution.cpp(11,36): warning C4267: 'initializing': conversion from 'size_t' to 'int', possible loss of data
C:\Code\GitHub\LCA51to100\054_Spiral_Matrix\solution.cpp(13,40): warning C4267: 'initializing': conversion from 'size_t' to 'int', possible loss of data
  solution2.cpp
C:\Code\GitHub\LCA51to100\054_Spiral_Matrix\solution2.cpp(11,37): warning C4267: 'initializing': conversion from 'size_t' to 'int', possible loss of data
C:\Code\GitHub\LCA51to100\054_Spiral_Matrix\solution2.cpp(13,40): warning C4267: 'initializing': conversion from 'size_t' to 'int', possible loss of data
  test.cpp
  Generating Code...
C:\Code\GitHub\LCA51to100\common\common.cpp(237): warning C4715: 'AreVectorEqual<TreeNode *>': not all control paths return a value
  054_Spiral_Matrix.vcxproj -> C:\Code\GitHub\LCA51to100\x64\Debug\054_Spiral_Matrix.exe
