  common.cpp
C:\Code\GitHub\LCA51to100\common\common.cpp(56,21): warning C4307: '-': signed integral constant overflow
C:\Code\GitHub\LCA51to100\common\common.cpp(1597,28): warning C4805: '==': unsafe mix of type 'bool' and type 'int' in operation
C:\Code\GitHub\LCA51to100\common\common.cpp(1904,45): warning C4307: '-': signed integral constant overflow
C:\Code\GitHub\LCA51to100\common\common.cpp(1916,45): warning C4307: '-': signed integral constant overflow
C:\Code\GitHub\LCA51to100\common\common.cpp(2625,42): warning C4267: 'initializing': conversion from 'size_t' to 'int', possible loss of data
C:\Code\GitHub\LCA51to100\common\common.cpp(2657,46): warning C4307: '-': signed integral constant overflow
C:\Code\GitHub\LCA51to100\common\common.cpp(2679,42): warning C4267: 'initializing': conversion from 'size_t' to 'int', possible loss of data
C:\Code\GitHub\LCA51to100\common\common.cpp(2764,45): warning C4307: '-': signed integral constant overflow
C:\Code\GitHub\LCA51to100\common\common.cpp(2776,45): warning C4307: '-': signed integral constant overflow
  main.cpp
  revisit.cpp
C:\Code\GitHub\LCA51to100\074_Search_a_2D_Matrix\revisit.cpp(8,32): warning C4267: 'initializing': conversion from 'size_t' to 'int', possible loss of data
C:\Code\GitHub\LCA51to100\074_Search_a_2D_Matrix\revisit.cpp(33,33): warning C4267: '=': conversion from 'size_t' to 'int', possible loss of data
  solution.cpp
C:\Code\GitHub\LCA51to100\074_Search_a_2D_Matrix\solution.cpp(8,26): warning C4267: 'initializing': conversion from 'size_t' to 'int', possible loss of data
C:\Code\GitHub\LCA51to100\074_Search_a_2D_Matrix\solution.cpp(9,29): warning C4267: 'initializing': conversion from 'size_t' to 'int', possible loss of data
  solution2.cpp
C:\Code\GitHub\LCA51to100\074_Search_a_2D_Matrix\solution2.cpp(6,26): warning C4267: 'initializing': conversion from 'size_t' to 'int', possible loss of data
C:\Code\GitHub\LCA51to100\074_Search_a_2D_Matrix\solution2.cpp(7,29): warning C4267: 'initializing': conversion from 'size_t' to 'int', possible loss of data
C:\Code\GitHub\LCA51to100\074_Search_a_2D_Matrix\solution2.cpp(11,30): warning C4554: '&': check operator precedence for possible error; use parentheses to clarify precedence
  test.cpp
  Generating Code...
C:\Code\GitHub\LCA51to100\common\common.cpp(237): warning C4715: 'AreVectorEqual<TreeNode *>': not all control paths return a value
  074_Search_a_2D_Matrix.vcxproj -> C:\Code\GitHub\LCA51to100\x64\Debug\074_Search_a_2D_Matrix.exe
